1545760508540:help
1545760514017:start
1545760553825:help
1545990493891:start
1545991863313:exit
1545992081323:start
1546010078922:stacktrace
1546010113797:start
1546614176971:help
1546614231201:help[
1546614236223:help
1546614707616:locale
1546616552094:help
1546616556652:locale
1546616563039:start
1546617046179:locale
1546617051950:start
1546617063664:locale
1546617068809:start
1546617082904:locale
1546617088800:start
1546617158556:locale
1546617456338:start
1546617626989:locale
1546617653368:start
1546617819663:locale
1546617825819:start
1546618408744:locale
1546618413692:start
1546618605792:locale
1546618609654:start
1546696006471:locale
1546696012090:start
1546696141702:locale
1546706507419:start
1546706542752:locale
1546706546812:start
1546706563352:locale
1546709423517:start
1547047187630:locale
1547047191773:start
1547112299540:language ru
1547112302624:start
1547112348164:language ru
1547112350577:start
1547112739342:language ru
1547112777142:start
1547112884539:locale ru
1547112893422:language ru
1547112909965:start
